2024-02-01 06:03:30.983 [info] Log level: Info
2024-02-01 06:03:30.983 [info] Validating found git in: "git"
2024-02-01 06:03:30.983 [info] Using git "2.34.1" from "git"
2024-02-01 06:03:30.983 [info] > git rev-parse --show-toplevel [9ms]
2024-02-01 06:03:30.983 [info] fatal: detected dubious ownership in repository at '/config/workspace'
To add an exception for this directory, call:

	git config --global --add safe.directory /config/workspace
2024-02-01 06:03:30.983 [info] > git rev-parse --show-toplevel [3ms]
2024-02-01 06:03:30.983 [info] fatal: detected dubious ownership in repository at '/config/workspace'
To add an exception for this directory, call:

	git config --global --add safe.directory /config/workspace
2024-02-01 06:03:30.983 [info] > git rev-parse --show-toplevel [17ms]
2024-02-01 06:03:30.983 [info] fatal: detected dubious ownership in repository at '/config/workspace/basedevcontainer'
To add an exception for this directory, call:

	git config --global --add safe.directory /config/workspace/basedevcontainer
2024-02-01 06:03:30.983 [info] > git rev-parse --show-toplevel [1ms]
2024-02-01 06:03:30.983 [info] fatal: detected dubious ownership in repository at '/config/workspace'
To add an exception for this directory, call:

	git config --global --add safe.directory /config/workspace
2024-02-01 06:03:30.983 [info] > git rev-parse --show-toplevel [1ms]
2024-02-01 06:03:30.983 [info] fatal: detected dubious ownership in repository at '/config/workspace'
To add an exception for this directory, call:

	git config --global --add safe.directory /config/workspace
2024-02-01 06:03:30.983 [info] > git rev-parse --show-toplevel [2ms]
2024-02-01 06:03:30.983 [info] fatal: detected dubious ownership in repository at '/config/workspace/vscode-development'
To add an exception for this directory, call:

	git config --global --add safe.directory /config/workspace/vscode-development
2024-02-01 06:03:32.763 [info] > git rev-parse --show-toplevel [5ms]
2024-02-01 06:03:32.764 [info] fatal: detected dubious ownership in repository at '/config/workspace'
To add an exception for this directory, call:

	git config --global --add safe.directory /config/workspace
2024-02-01 06:04:42.922 [info] > git rev-parse --show-toplevel [6ms]
2024-02-01 06:04:42.923 [info] fatal: detected dubious ownership in repository at '/config/workspace/vscode-development/platform-config'
To add an exception for this directory, call:

	git config --global --add safe.directory /config/workspace/vscode-development/platform-config
2024-02-01 06:04:49.351 [info] > git rev-parse --show-toplevel [2ms]
2024-02-01 06:04:49.352 [info] fatal: detected dubious ownership in repository at '/config/workspace'
To add an exception for this directory, call:

	git config --global --add safe.directory /config/workspace
2024-02-01 06:05:17.038 [info] > git rev-parse --show-toplevel [1ms]
2024-02-01 06:05:17.039 [info] fatal: detected dubious ownership in repository at '/config/workspace'
To add an exception for this directory, call:

	git config --global --add safe.directory /config/workspace
2024-02-01 06:05:39.288 [info] > git config --global --add safe.directory /config/workspace [4ms]
2024-02-01 06:05:39.322 [info] > git rev-parse --show-toplevel [19ms]
2024-02-01 06:05:39.341 [info] > git rev-parse --git-dir --git-common-dir [3ms]
2024-02-01 06:05:39.367 [info] Open repository: /config/workspace
2024-02-01 06:05:39.393 [info] > git config --global --add safe.directory /config/workspace/basedevcontainer [16ms]
2024-02-01 06:05:39.406 [info] > git config --get commit.template [14ms]
2024-02-01 06:05:39.425 [info] No remotes found in the git config file.
2024-02-01 06:05:39.426 [info] > git rev-parse --show-toplevel [21ms]
2024-02-01 06:05:39.427 [info] > git fetch [61ms]
2024-02-01 06:05:39.454 [info] > git for-each-ref --format=%(refname)%00%(upstream:short)%00%(objectname)%00%(upstream:track)%00%(upstream:remotename)%00%(upstream:remoteref) refs/heads/master refs/remotes/master [31ms]
2024-02-01 06:05:39.470 [info] > git config --get commit.template [17ms]
2024-02-01 06:05:39.470 [info] > git rev-parse --git-dir --git-common-dir [27ms]
2024-02-01 06:05:39.482 [info] Open repository: /config/workspace/basedevcontainer
2024-02-01 06:05:39.500 [info] > git config --get commit.template [33ms]
2024-02-01 06:05:39.522 [info] No remotes found in the git config file.
2024-02-01 06:05:39.526 [info] > git config --global --add safe.directory /config/workspace/vscode-development [33ms]
2024-02-01 06:05:39.535 [info] No remotes found in the git config file.
2024-02-01 06:05:39.548 [info] > git for-each-ref --format=%(refname)%00%(upstream:short)%00%(objectname)%00%(upstream:track)%00%(upstream:remotename)%00%(upstream:remoteref) refs/heads/master refs/remotes/master [25ms]
2024-02-01 06:05:39.550 [info] > git config --get commit.template [50ms]
2024-02-01 06:05:39.561 [info] > git rev-parse --show-toplevel [13ms]
2024-02-01 06:05:39.561 [info] > git for-each-ref --format=%(refname)%00%(upstream:short)%00%(objectname)%00%(upstream:track)%00%(upstream:remotename)%00%(upstream:remoteref) refs/heads/master refs/remotes/master [26ms]
2024-02-01 06:05:39.579 [info] > git for-each-ref --format=%(refname)%00%(upstream:short)%00%(objectname)%00%(upstream:track)%00%(upstream:remotename)%00%(upstream:remoteref) refs/heads/master refs/remotes/master [20ms]
2024-02-01 06:05:39.588 [warning] ENOENT: no such file or directory, open '/config/workspace/basedevcontainer/.git/refs/remotes/origin/master'
2024-02-01 06:05:39.590 [info] > git rev-parse --git-dir --git-common-dir [11ms]
2024-02-01 06:05:39.607 [info] Open repository: /config/workspace/vscode-development
2024-02-01 06:05:39.632 [info] > git status -z -uall [63ms]
2024-02-01 06:05:39.632 [info] > git config --global --add safe.directory /config/workspace/vscode-development/platform-config [15ms]
2024-02-01 06:05:39.632 [info] > git rev-parse refs/remotes/origin/master [44ms]
2024-02-01 06:05:39.712 [info] > git status -z -uall [69ms]
2024-02-01 06:05:39.721 [info] > git config --get commit.template [92ms]
2024-02-01 06:05:39.741 [info] > git rev-parse --show-toplevel [32ms]
2024-02-01 06:05:39.754 [info] > git config --get commit.template [15ms]
2024-02-01 06:05:40.088 [info] > git for-each-ref --format=%(refname)%00%(upstream:short)%00%(objectname)%00%(upstream:track)%00%(upstream:remotename)%00%(upstream:remoteref) refs/heads/main refs/remotes/main [338ms]
2024-02-01 06:05:40.130 [warning] ENOENT: no such file or directory, open '/config/workspace/vscode-development/.git/refs/remotes/origin/main'
2024-02-01 06:05:40.131 [info] > git rev-parse --git-dir --git-common-dir [47ms]
2024-02-01 06:05:40.160 [info] Open repository: /config/workspace/vscode-development/platform-config
2024-02-01 06:05:40.180 [info] > git rev-parse refs/remotes/origin/main [51ms]
2024-02-01 06:05:40.190 [info] > git for-each-ref --format=%(refname)%00%(upstream:short)%00%(objectname)%00%(upstream:track)%00%(upstream:remotename)%00%(upstream:remoteref) refs/heads/master refs/remotes/master [85ms]
2024-02-01 06:05:40.206 [warning] ENOENT: no such file or directory, open '/config/workspace/basedevcontainer/.git/refs/remotes/origin/master'
2024-02-01 06:05:40.209 [info] > git config --get commit.template [29ms]
2024-02-01 06:05:40.210 [info] > git status -z -uall [21ms]
2024-02-01 06:05:40.211 [info] > git rev-parse refs/remotes/origin/master [5ms]
2024-02-01 06:05:40.261 [info] > git status -z -uall [34ms]
2024-02-01 06:05:40.266 [info] > git config --get commit.template [7ms]
2024-02-01 06:05:40.266 [info] > git for-each-ref --format=%(refname)%00%(upstream:short)%00%(objectname)%00%(upstream:track)%00%(upstream:remotename)%00%(upstream:remoteref) refs/heads/master refs/remotes/master [18ms]
2024-02-01 06:05:40.296 [warning] ENOENT: no such file or directory, open '/config/workspace/vscode-development/platform-config/.git/refs/remotes/origin/master'
2024-02-01 06:05:40.319 [info] > git rev-parse refs/remotes/origin/master [24ms]
2024-02-01 06:05:40.354 [info] > git for-each-ref --format=%(refname)%00%(upstream:short)%00%(objectname)%00%(upstream:track)%00%(upstream:remotename)%00%(upstream:remoteref) refs/heads/main refs/remotes/main [45ms]
2024-02-01 06:05:40.366 [warning] ENOENT: no such file or directory, open '/config/workspace/vscode-development/.git/refs/remotes/origin/main'
2024-02-01 06:05:40.374 [info] > git rev-parse refs/remotes/origin/main [8ms]
2024-02-01 06:05:40.393 [info] > git status -z -uall [3ms]
2024-02-01 06:05:40.564 [info] > git for-each-ref --format=%(refname)%00%(upstream:short)%00%(objectname)%00%(upstream:track)%00%(upstream:remotename)%00%(upstream:remoteref) refs/heads/master [50ms]
2024-02-01 06:05:40.581 [info] > git config --local branch.master.vscode-merge-base [1ms]
2024-02-01 06:05:40.581 [warning] git config failed: Failed to execute git
2024-02-01 06:05:40.670 [info] > git reflog refs/heads/master --grep-reflog=branch: Created from *. [78ms]
2024-02-01 06:05:40.704 [info] > git symbolic-ref --short refs/remotes/origin/HEAD [22ms]
2024-02-01 06:05:40.705 [info] fatal: ref refs/remotes/origin/HEAD is not a symbolic ref
2024-02-01 06:05:40.785 [info] > git check-ignore -v -z --stdin [2ms]
2024-02-01 06:05:40.891 [info] > git status -z -uall [550ms]
2024-02-01 06:05:40.917 [info] > git config --get commit.template [4ms]
2024-02-01 06:05:40.932 [info] > git for-each-ref --format=%(refname)%00%(upstream:short)%00%(objectname)%00%(upstream:track)%00%(upstream:remotename)%00%(upstream:remoteref) refs/heads/master refs/remotes/master [2ms]
2024-02-01 06:05:40.949 [warning] ENOENT: no such file or directory, open '/config/workspace/vscode-development/platform-config/.git/refs/remotes/origin/master'
2024-02-01 06:05:40.966 [info] > git rev-parse refs/remotes/origin/master [18ms]
2024-02-01 06:05:41.012 [info] > git status -z -uall [25ms]
2024-02-01 06:05:41.300 [info] > git merge-base refs/heads/main refs/remotes/origin/main [2ms]
2024-02-01 06:05:41.312 [info] > git merge-base refs/heads/master refs/remotes/origin/master [26ms]
2024-02-01 06:05:41.326 [info] > git for-each-ref --format=%(refname)%00%(upstream:short)%00%(objectname)%00%(upstream:track)%00%(upstream:remotename)%00%(upstream:remoteref) refs/heads/master [53ms]
2024-02-01 06:05:41.340 [info] > git config --local branch.master.vscode-merge-base [2ms]
2024-02-01 06:05:41.340 [warning] git config failed: Failed to execute git
2024-02-01 06:05:41.357 [info] > git rev-list --count --left-right refs/heads/master...refs/remotes/origin/master [32ms]
2024-02-01 06:05:41.359 [info] > git rev-list --count --left-right refs/heads/main...refs/remotes/origin/main [48ms]
2024-02-01 06:05:41.360 [info] > git reflog refs/heads/master --grep-reflog=branch: Created from *. [4ms]
2024-02-01 06:05:41.375 [info] > git symbolic-ref --short refs/remotes/origin/HEAD [4ms]
2024-02-01 06:05:41.375 [info] fatal: ref refs/remotes/origin/HEAD is not a symbolic ref
2024-02-01 06:05:41.579 [info] > git check-ignore -v -z --stdin [1ms]
2024-02-01 06:05:41.802 [info] > git merge-base refs/heads/master refs/remotes/origin/master [5ms]
2024-02-01 06:05:41.816 [info] > git rev-list --count --left-right refs/heads/master...refs/remotes/origin/master [2ms]
2024-02-01 06:05:42.376 [info] > git check-ignore -v -z --stdin [60ms]
2024-02-01 06:05:42.377 [info] > git check-ignore -v -z --stdin [44ms]
2024-02-01 06:05:42.378 [info] > git check-ignore -v -z --stdin [4ms]
2024-02-01 06:05:44.516 [info] > git config --get commit.template [52ms]
2024-02-01 06:05:44.528 [info] No remotes found in the git config file.
2024-02-01 06:05:44.530 [info] > git for-each-ref --format=%(refname)%00%(upstream:short)%00%(objectname)%00%(upstream:track)%00%(upstream:remotename)%00%(upstream:remoteref) refs/heads/master refs/remotes/master [2ms]
2024-02-01 06:05:44.563 [info] > git status -z -uall [23ms]
2024-02-01 06:05:44.607 [info] > git fetch [5126ms]
2024-02-01 06:05:44.607 [info] fatal: unable to access 'https://github.com/qdm12/basedevcontainer.git/': Could not resolve host: github.com
2024-02-01 06:05:44.630 [info] > git for-each-ref --format=%(refname)%00%(upstream:short)%00%(objectname)%00%(upstream:track)%00%(upstream:remotename)%00%(upstream:remoteref) refs/heads/master refs/remotes/master [1ms]
2024-02-01 06:05:44.631 [info] > git config --get commit.template [13ms]
2024-02-01 06:05:44.641 [warning] ENOENT: no such file or directory, open '/config/workspace/basedevcontainer/.git/refs/remotes/origin/master'
2024-02-01 06:05:44.643 [info] > git rev-parse refs/remotes/origin/master [2ms]
2024-02-01 06:05:44.665 [info] > git status -z -uall [4ms]
2024-02-01 06:05:45.081 [info] > git for-each-ref --format=%(refname)%00%(upstream:short)%00%(objectname)%00%(upstream:track)%00%(upstream:remotename)%00%(upstream:remoteref) refs/heads/master [1ms]
2024-02-01 06:05:45.102 [info] > git config --local branch.master.vscode-merge-base [3ms]
2024-02-01 06:05:45.102 [warning] git config failed: Failed to execute git
2024-02-01 06:05:45.123 [info] > git reflog refs/heads/master --grep-reflog=branch: Created from *. [1ms]
2024-02-01 06:05:45.138 [info] > git symbolic-ref --short refs/remotes/origin/HEAD [2ms]
2024-02-01 06:05:45.138 [info] fatal: ref refs/remotes/origin/HEAD is not a symbolic ref
2024-02-01 06:05:49.610 [info] No remotes found in the git config file.
2024-02-01 06:05:49.625 [info] > git config --get commit.template [16ms]
2024-02-01 06:05:49.626 [info] > git for-each-ref --format=%(refname)%00%(upstream:short)%00%(objectname)%00%(upstream:track)%00%(upstream:remotename)%00%(upstream:remoteref) refs/heads/master refs/remotes/master [2ms]
2024-02-01 06:05:49.640 [info] > git fetch [10035ms]
2024-02-01 06:05:49.640 [info] fatal: unable to access 'https://github.com/ecampuslearning/vscode-development.git/': Could not resolve host: github.com
2024-02-01 06:05:49.656 [info] > git config --get commit.template [0ms]
2024-02-01 06:05:49.673 [info] > git for-each-ref --format=%(refname)%00%(upstream:short)%00%(objectname)%00%(upstream:track)%00%(upstream:remotename)%00%(upstream:remoteref) refs/heads/main refs/remotes/main [1ms]
2024-02-01 06:05:49.685 [warning] ENOENT: no such file or directory, open '/config/workspace/vscode-development/.git/refs/remotes/origin/main'
2024-02-01 06:05:49.687 [info] > git rev-parse refs/remotes/origin/main [2ms]
2024-02-01 06:05:49.701 [info] > git status -z -uall [3ms]
2024-02-01 06:05:49.729 [info] > git status -z -uall [89ms]
2024-02-01 06:05:50.135 [info] > git for-each-ref --format=%(refname)%00%(upstream:short)%00%(objectname)%00%(upstream:track)%00%(upstream:remotename)%00%(upstream:remoteref) refs/heads/master [3ms]
2024-02-01 06:05:50.151 [info] > git config --local branch.master.vscode-merge-base [2ms]
2024-02-01 06:05:50.152 [warning] git config failed: Failed to execute git
2024-02-01 06:05:50.175 [info] > git reflog refs/heads/master --grep-reflog=branch: Created from *. [4ms]
2024-02-01 06:05:50.189 [info] > git symbolic-ref --short refs/remotes/origin/HEAD [2ms]
2024-02-01 06:05:50.189 [info] fatal: ref refs/remotes/origin/HEAD is not a symbolic ref
2024-02-01 06:05:50.208 [info] > git fetch [10049ms]
2024-02-01 06:05:50.209 [info] fatal: unable to access 'https://github.com/ecampuslearning/platform-config/': Could not resolve host: github.com
2024-02-01 06:05:50.231 [info] > git config --get commit.template [12ms]
2024-02-01 06:05:50.232 [info] > git for-each-ref --format=%(refname)%00%(upstream:short)%00%(objectname)%00%(upstream:track)%00%(upstream:remotename)%00%(upstream:remoteref) refs/heads/master refs/remotes/master [2ms]
2024-02-01 06:05:50.244 [warning] ENOENT: no such file or directory, open '/config/workspace/vscode-development/platform-config/.git/refs/remotes/origin/master'
2024-02-01 06:05:50.246 [info] > git rev-parse refs/remotes/origin/master [2ms]
2024-02-01 06:05:50.303 [info] > git status -z -uall [27ms]
2024-02-01 06:05:54.800 [info] > git config --get commit.template [2ms]
2024-02-01 06:05:54.871 [info] No remotes found in the git config file.
2024-02-01 06:05:54.871 [info] > git for-each-ref --format=%(refname)%00%(upstream:short)%00%(objectname)%00%(upstream:track)%00%(upstream:remotename)%00%(upstream:remoteref) refs/heads/master refs/remotes/master [1ms]
2024-02-01 06:05:54.909 [info] > git status -z -uall [26ms]
2024-02-01 06:05:55.376 [info] > git for-each-ref --format=%(refname)%00%(upstream:short)%00%(objectname)%00%(upstream:track)%00%(upstream:remotename)%00%(upstream:remoteref) refs/heads/master [14ms]
2024-02-01 06:05:55.391 [info] > git config --local branch.master.vscode-merge-base [2ms]
2024-02-01 06:05:55.391 [warning] git config failed: Failed to execute git
2024-02-01 06:05:55.411 [info] > git reflog refs/heads/master --grep-reflog=branch: Created from *. [7ms]
2024-02-01 06:05:55.428 [info] > git symbolic-ref --short refs/remotes/origin/HEAD [0ms]
2024-02-01 06:05:55.428 [info] fatal: ref refs/remotes/origin/HEAD is not a symbolic ref
2024-02-01 06:05:59.949 [info] > git config --get commit.template [1ms]
2024-02-01 06:05:59.966 [info] No remotes found in the git config file.
2024-02-01 06:05:59.968 [info] > git for-each-ref --format=%(refname)%00%(upstream:short)%00%(objectname)%00%(upstream:track)%00%(upstream:remotename)%00%(upstream:remoteref) refs/heads/master refs/remotes/master [2ms]
2024-02-01 06:06:00.034 [info] > git status -z -uall [49ms]
2024-02-01 06:06:00.520 [info] > git for-each-ref --format=%(refname)%00%(upstream:short)%00%(objectname)%00%(upstream:track)%00%(upstream:remotename)%00%(upstream:remoteref) refs/heads/master [3ms]
2024-02-01 06:06:00.561 [info] > git config --local branch.master.vscode-merge-base [5ms]
2024-02-01 06:06:00.563 [warning] git config failed: Failed to execute git
2024-02-01 06:06:00.580 [info] > git reflog refs/heads/master --grep-reflog=branch: Created from *. [3ms]
2024-02-01 06:06:00.599 [info] > git symbolic-ref --short refs/remotes/origin/HEAD [2ms]
2024-02-01 06:06:00.599 [info] fatal: ref refs/remotes/origin/HEAD is not a symbolic ref
2024-02-01 06:06:05.099 [info] No remotes found in the git config file.
2024-02-01 06:06:05.117 [info] > git for-each-ref --format=%(refname)%00%(upstream:short)%00%(objectname)%00%(upstream:track)%00%(upstream:remotename)%00%(upstream:remoteref) refs/heads/master refs/remotes/master [17ms]
2024-02-01 06:06:05.117 [info] > git config --get commit.template [45ms]
2024-02-01 06:06:05.154 [info] > git status -z -uall [21ms]
2024-02-01 06:06:05.632 [info] > git for-each-ref --format=%(refname)%00%(upstream:short)%00%(objectname)%00%(upstream:track)%00%(upstream:remotename)%00%(upstream:remoteref) refs/heads/master [4ms]
2024-02-01 06:06:05.649 [info] > git config --local branch.master.vscode-merge-base [1ms]
2024-02-01 06:06:05.650 [warning] git config failed: Failed to execute git
2024-02-01 06:06:05.673 [info] > git reflog refs/heads/master --grep-reflog=branch: Created from *. [3ms]
2024-02-01 06:06:05.696 [info] > git symbolic-ref --short refs/remotes/origin/HEAD [2ms]
2024-02-01 06:06:05.696 [info] fatal: ref refs/remotes/origin/HEAD is not a symbolic ref
2024-02-01 06:06:06.979 [info] > git -c user.useConfigOnly=true commit --quiet --allow-empty-message --file - [20ms]
2024-02-01 06:06:06.993 [info] > git config --get commit.template [2ms]
2024-02-01 06:06:07.015 [info] No remotes found in the git config file.
2024-02-01 06:06:07.015 [info] > git config --get commit.template [10ms]
2024-02-01 06:06:07.016 [info] > git for-each-ref --format=%(refname)%00%(upstream:short)%00%(objectname)%00%(upstream:track)%00%(upstream:remotename)%00%(upstream:remoteref) refs/heads/master refs/remotes/master [2ms]
2024-02-01 06:06:07.045 [info] > git status -z -uall [18ms]
2024-02-01 06:06:07.115 [info] > git for-each-ref --format=%(refname)%00%(upstream:short)%00%(objectname)%00%(upstream:track)%00%(upstream:remotename)%00%(upstream:remoteref) refs/heads/master [4ms]
2024-02-01 06:06:07.348 [info] > git config --local branch.master.vscode-merge-base [189ms]
2024-02-01 06:06:07.348 [warning] git config failed: Failed to execute git
2024-02-01 06:06:07.472 [info] > git reflog refs/heads/master --grep-reflog=branch: Created from *. [110ms]
2024-02-01 06:06:07.508 [info] > git symbolic-ref --short refs/remotes/origin/HEAD [1ms]
2024-02-01 06:06:07.511 [info] fatal: ref refs/remotes/origin/HEAD is not a symbolic ref
2024-02-01 06:06:07.561 [info] No remotes found in the git config file.
2024-02-01 06:06:07.562 [info] > git config --get commit.template [16ms]
2024-02-01 06:06:07.564 [info] > git for-each-ref --format=%(refname)%00%(upstream:short)%00%(objectname)%00%(upstream:track)%00%(upstream:remotename)%00%(upstream:remoteref) refs/heads/master refs/remotes/master [3ms]
2024-02-01 06:06:07.614 [info] > git status -z -uall [37ms]
2024-02-01 06:06:07.913 [info] > git for-each-ref --format=%(refname)%00%(upstream:short)%00%(objectname)%00%(upstream:track)%00%(upstream:remotename)%00%(upstream:remoteref) refs/heads/master [3ms]
2024-02-01 06:06:07.930 [info] > git config --local branch.master.vscode-merge-base [2ms]
2024-02-01 06:06:07.931 [warning] git config failed: Failed to execute git
2024-02-01 06:06:07.951 [info] > git reflog refs/heads/master --grep-reflog=branch: Created from *. [8ms]
2024-02-01 06:06:07.967 [info] > git symbolic-ref --short refs/remotes/origin/HEAD [3ms]
2024-02-01 06:06:07.967 [info] fatal: ref refs/remotes/origin/HEAD is not a symbolic ref
2024-02-01 06:06:08.230 [info] > git for-each-ref --format=%(refname)%00%(upstream:short)%00%(objectname)%00%(upstream:track)%00%(upstream:remotename)%00%(upstream:remoteref) refs/heads/master [7ms]
2024-02-01 06:06:08.246 [info] > git config --local branch.master.vscode-merge-base [2ms]
2024-02-01 06:06:08.247 [warning] git config failed: Failed to execute git
2024-02-01 06:06:08.266 [info] > git reflog refs/heads/master --grep-reflog=branch: Created from *. [1ms]
2024-02-01 06:06:08.286 [info] > git symbolic-ref --short refs/remotes/origin/HEAD [1ms]
2024-02-01 06:06:08.286 [info] fatal: ref refs/remotes/origin/HEAD is not a symbolic ref
2024-02-01 06:06:08.443 [info] > git check-ignore -v -z --stdin [6ms]
2024-02-01 06:06:10.225 [info] > git config --get commit.template [2ms]
2024-02-01 06:06:10.246 [info] No remotes found in the git config file.
2024-02-01 06:06:10.247 [info] > git for-each-ref --format=%(refname)%00%(upstream:short)%00%(objectname)%00%(upstream:track)%00%(upstream:remotename)%00%(upstream:remoteref) refs/heads/master refs/remotes/master [2ms]
2024-02-01 06:06:10.286 [info] > git status -z -uall [25ms]
2024-02-01 06:06:15.348 [info] > git config --get commit.template [17ms]
2024-02-01 06:06:15.352 [info] No remotes found in the git config file.
2024-02-01 06:06:15.352 [info] > git for-each-ref --format=%(refname)%00%(upstream:short)%00%(objectname)%00%(upstream:track)%00%(upstream:remotename)%00%(upstream:remoteref) refs/heads/master refs/remotes/master [5ms]
2024-02-01 06:06:15.398 [info] > git status -z -uall [30ms]
2024-02-01 06:06:20.461 [info] No remotes found in the git config file.
2024-02-01 06:06:20.463 [info] > git config --get commit.template [18ms]
2024-02-01 06:06:20.464 [info] > git for-each-ref --format=%(refname)%00%(upstream:short)%00%(objectname)%00%(upstream:track)%00%(upstream:remotename)%00%(upstream:remoteref) refs/heads/master refs/remotes/master [4ms]
2024-02-01 06:06:20.504 [info] > git status -z -uall [24ms]
2024-02-01 06:06:25.557 [info] No remotes found in the git config file.
2024-02-01 06:06:25.573 [info] > git config --get commit.template [16ms]
2024-02-01 06:06:25.574 [info] > git for-each-ref --format=%(refname)%00%(upstream:short)%00%(objectname)%00%(upstream:track)%00%(upstream:remotename)%00%(upstream:remoteref) refs/heads/master refs/remotes/master [2ms]
2024-02-01 06:06:25.607 [info] > git status -z -uall [20ms]
2024-02-01 06:06:30.673 [info] > git config --get commit.template [1ms]
2024-02-01 06:06:30.686 [info] No remotes found in the git config file.
2024-02-01 06:06:30.688 [info] > git for-each-ref --format=%(refname)%00%(upstream:short)%00%(objectname)%00%(upstream:track)%00%(upstream:remotename)%00%(upstream:remoteref) refs/heads/master refs/remotes/master [2ms]
2024-02-01 06:06:30.719 [info] > git status -z -uall [22ms]
2024-02-01 06:06:36.063 [info] > git config --get commit.template [26ms]
2024-02-01 06:06:36.064 [info] No remotes found in the git config file.
2024-02-01 06:06:36.065 [info] > git for-each-ref --format=%(refname)%00%(upstream:short)%00%(objectname)%00%(upstream:track)%00%(upstream:remotename)%00%(upstream:remoteref) refs/heads/master refs/remotes/master [2ms]
2024-02-01 06:06:36.116 [info] > git status -z -uall [35ms]
2024-02-01 06:06:36.214 [info] > git for-each-ref --format=%(refname)%00%(upstream:short)%00%(objectname)%00%(upstream:track)%00%(upstream:remotename)%00%(upstream:remoteref) refs/heads/master [4ms]
2024-02-01 06:06:36.433 [info] > git config --local branch.master.vscode-merge-base [207ms]
2024-02-01 06:06:36.434 [warning] git config failed: Failed to execute git
2024-02-01 06:06:36.450 [info] > git reflog refs/heads/master --grep-reflog=branch: Created from *. [3ms]
2024-02-01 06:06:36.468 [info] > git symbolic-ref --short refs/remotes/origin/HEAD [0ms]
2024-02-01 06:06:36.468 [info] fatal: ref refs/remotes/origin/HEAD is not a symbolic ref
2024-02-01 06:06:36.719 [info] > git for-each-ref --format=%(refname)%00%(upstream:short)%00%(objectname)%00%(upstream:track)%00%(upstream:remotename)%00%(upstream:remoteref) refs/heads/master [1ms]
2024-02-01 06:06:36.738 [info] > git config --local branch.master.vscode-merge-base [3ms]
2024-02-01 06:06:36.738 [warning] git config failed: Failed to execute git
2024-02-01 06:06:36.759 [info] > git reflog refs/heads/master --grep-reflog=branch: Created from *. [8ms]
2024-02-01 06:06:36.771 [info] > git symbolic-ref --short refs/remotes/origin/HEAD [1ms]
2024-02-01 06:06:36.771 [info] fatal: ref refs/remotes/origin/HEAD is not a symbolic ref
