2024-02-01 06:03:28.754 [info] Extension host with pid 88926 started
2024-02-01 06:03:28.798 [info] Lock '/config/.vscode-server-insiders/data/User/workspaceStorage/b784060321f1a5b98583b433d2c10ad1/vscode.lock': Lock acquired.
2024-02-01 06:03:29.406 [info] ExtensionService#_doActivateExtension vscode.git-base, startup: false, activationEvent: '*', root cause: vscode.git
2024-02-01 06:03:30.260 [info] ExtensionService#_doActivateExtension vscode.git, startup: false, activationEvent: '*'
2024-02-01 06:03:30.261 [info] ExtensionService#_doActivateExtension vscode.github, startup: false, activationEvent: '*'
2024-02-01 06:03:30.710 [info] Eager extensions activated
2024-02-01 06:03:30.711 [info] ExtensionService#_doActivateExtension vscode.debug-auto-launch, startup: false, activationEvent: 'onStartupFinished'
2024-02-01 06:03:30.713 [info] ExtensionService#_doActivateExtension vscode.merge-conflict, startup: false, activationEvent: 'onStartupFinished'
2024-02-01 06:03:32.726 [info] ExtensionService#_doActivateExtension vscode.emmet, startup: false, activationEvent: 'onLanguage'
2024-02-01 06:03:33.075 [error] Error: getaddrinfo EAI_AGAIN mobile.events.data.microsoft.com
	at GetAddrInfoReqWrap.onlookup [as oncomplete] (node:dns:108:26)
2024-02-01 06:03:35.635 [error] Error: getaddrinfo EAI_AGAIN mobile.events.data.microsoft.com
	at GetAddrInfoReqWrap.onlookup [as oncomplete] (node:dns:108:26)
2024-02-01 06:05:39.682 [warning] [Decorations] CAPPING events from decorations provider vscode.git 1162
2024-02-01 06:05:44.590 [warning] [Decorations] CAPPING events from decorations provider vscode.git 1162
2024-02-01 06:05:49.749 [warning] [Decorations] CAPPING events from decorations provider vscode.git 1162
2024-02-01 06:05:54.926 [warning] [Decorations] CAPPING events from decorations provider vscode.git 1162
2024-02-01 06:06:00.050 [warning] [Decorations] CAPPING events from decorations provider vscode.git 1162
2024-02-01 06:06:01.258 [error] Error: getaddrinfo EAI_AGAIN mobile.events.data.microsoft.com
	at GetAddrInfoReqWrap.onlookup [as oncomplete] (node:dns:108:26)
2024-02-01 06:06:01.260 [error] Error: getaddrinfo EAI_AGAIN mobile.events.data.microsoft.com
	at GetAddrInfoReqWrap.onlookup [as oncomplete] (node:dns:108:26)
2024-02-01 06:06:05.185 [warning] [Decorations] CAPPING events from decorations provider vscode.git 1162
2024-02-01 06:06:07.062 [warning] [Decorations] CAPPING events from decorations provider vscode.git 1162
2024-02-01 06:06:07.634 [warning] [Decorations] CAPPING events from decorations provider vscode.git 1158
2024-02-01 06:06:09.137 [error] Error: getaddrinfo EAI_AGAIN mobile.events.data.microsoft.com
	at GetAddrInfoReqWrap.onlookup [as oncomplete] (node:dns:108:26)
2024-02-01 06:06:09.677 [error] Error: getaddrinfo EAI_AGAIN mobile.events.data.microsoft.com
	at GetAddrInfoReqWrap.onlookup [as oncomplete] (node:dns:108:26)
2024-02-01 06:06:10.303 [warning] [Decorations] CAPPING events from decorations provider vscode.git 1158
2024-02-01 06:06:15.418 [warning] [Decorations] CAPPING events from decorations provider vscode.git 1158
2024-02-01 06:06:20.530 [warning] [Decorations] CAPPING events from decorations provider vscode.git 1158
2024-02-01 06:06:23.785 [error] Error: getaddrinfo EAI_AGAIN mobile.events.data.microsoft.com
	at GetAddrInfoReqWrap.onlookup [as oncomplete] (node:dns:108:26)
2024-02-01 06:06:25.621 [warning] [Decorations] CAPPING events from decorations provider vscode.git 1158
2024-02-01 06:06:26.885 [error] Error: getaddrinfo EAI_AGAIN mobile.events.data.microsoft.com
	at GetAddrInfoReqWrap.onlookup [as oncomplete] (node:dns:108:26)
2024-02-01 06:06:30.746 [warning] [Decorations] CAPPING events from decorations provider vscode.git 1158
2024-02-01 06:06:36.131 [warning] [Decorations] CAPPING events from decorations provider vscode.git 1158
